Monitoring started...
Sat Mar 28 10:01:41 AM EDT 2026 | CPU: 4.7% | MEM: 55.9498%
Sat Mar 28 10:01:55 AM EDT 2026 | CPU: 2.4% | MEM: 55.9832%
Sat Mar 28 10:02:06 AM EDT 2026 | CPU: 2.4% | MEM: 56.795%
Sat Mar 28 10:02:17 AM EDT 2026 | CPU: 4.5% | MEM: 57.5094%
Sat Mar 28 10:02:29 AM EDT 2026 | CPU: 9.3% | MEM: 57.5757%
Sat Mar 28 10:02:41 AM EDT 2026 | CPU: 2.4% | MEM: 57.6298%
Sat Mar 28 10:02:52 AM EDT 2026 | CPU: 33.3% | MEM: 58.2214%
Sat Mar 28 10:03:04 AM EDT 2026 | CPU: 27.9% | MEM: 58.5251%
Sat Mar 28 10:03:16 AM EDT 2026 | CPU: 27.9% | MEM: 60.0471%
Sat Mar 28 10:03:27 AM EDT 2026 | CPU: 30.2% | MEM: 59.4376%
Sat Mar 28 10:03:39 AM EDT 2026 | CPU: 27.9% | MEM: 58.8671%
Sat Mar 28 10:03:51 AM EDT 2026 | CPU: 32.6% | MEM: 59.2007%
Sat Mar 28 10:04:02 AM EDT 2026 | CPU: 34.1% | MEM: 59.5312%
Sat Mar 28 10:04:14 AM EDT 2026 | CPU: 28.6% | MEM: 59.221%
Sat Mar 28 10:04:26 AM EDT 2026 | CPU: 24.4% | MEM: 59.1338%
Sat Mar 28 10:04:38 AM EDT 2026 | CPU: 26.8% | MEM: 58.6276%
Sat Mar 28 10:04:49 AM EDT 2026 | CPU: 53.7% | MEM: 56.5175%
Sat Mar 28 10:05:01 AM EDT 2026 | CPU: 54.8% | MEM: 56.3051%
Sat Mar 28 10:05:13 AM EDT 2026 | CPU: 55.8% | MEM: 56.3622%
Sat Mar 28 10:05:25 AM EDT 2026 | CPU: 51.2% | MEM: 56.3276%
Sat Mar 28 10:05:36 AM EDT 2026 | CPU: 52.4% | MEM: 56.497%
Sat Mar 28 10:05:48 AM EDT 2026 | CPU: 81.8% | MEM: 56.2434%
Sat Mar 28 10:05:48 AM EDT 2026 | Scaling UP to 1
Sat Mar 28 10:06:04 AM EDT 2026 | CPU: 79.5% | MEM: 55.6237%
Sat Mar 28 10:06:16 AM EDT 2026 | CPU: 77.8% | MEM: 56.1743%
Sat Mar 28 10:06:28 AM EDT 2026 | CPU: 79.1% | MEM: 55.9848%
Sat Mar 28 10:06:40 AM EDT 2026 | CPU: 79.5% | MEM: 56.2786%
Sat Mar 28 10:06:52 AM EDT 2026 | CPU: 81.6% | MEM: 55.4446%
Sat Mar 28 10:06:52 AM EDT 2026 | Scaling UP to 2
Sat Mar 28 10:07:09 AM EDT 2026 | CPU: 79.1% | MEM: 55.7517%
Sat Mar 28 10:07:21 AM EDT 2026 | CPU: 79.2% | MEM: 56.0073%
Sat Mar 28 10:07:33 AM EDT 2026 | CPU: 79.1% | MEM: 56.0027%
Sat Mar 28 10:07:45 AM EDT 2026 | CPU: 79.1% | MEM: 56.0635%
Sat Mar 28 10:07:57 AM EDT 2026 | CPU: 76.7% | MEM: 56.0861%
Sat Mar 28 10:07:57 AM EDT 2026 | Scaling UP to 3
Sat Mar 28 10:08:12 AM EDT 2026 | CPU: 76.7% | MEM: 56.2458%
Sat Mar 28 10:08:24 AM EDT 2026 | CPU: 100% | MEM: 56.543%
Sat Mar 28 10:08:36 AM EDT 2026 | CPU: 100% | MEM: 56.1618%
Sat Mar 28 10:08:49 AM EDT 2026 | CPU: 100% | MEM: 56.4247%
Sat Mar 28 10:09:01 AM EDT 2026 | CPU: 100% | MEM: 56.3479%
Sat Mar 28 10:09:01 AM EDT 2026 | Scaling UP to 4
Sat Mar 28 10:09:17 AM EDT 2026 | CPU: 80% | MEM: 56.209%
Sat Mar 28 10:09:30 AM EDT 2026 | CPU: 78.6% | MEM: 56.3734%
Sat Mar 28 10:09:41 AM EDT 2026 | CPU: 86.4% | MEM: 56.4604%
Sat Mar 28 10:09:54 AM EDT 2026 | CPU: 91.3% | MEM: 56.8185%
Sat Mar 28 10:10:06 AM EDT 2026 | CPU: 79.5% | MEM: 56.6765%
Sat Mar 28 10:10:06 AM EDT 2026 | Scaling UP to 5
Sat Mar 28 10:10:21 AM EDT 2026 | CPU: 77.8% | MEM: 56.2655%
Sat Mar 28 10:10:33 AM EDT 2026 | CPU: 78.3% | MEM: 56.5979%
Sat Mar 28 10:10:45 AM EDT 2026 | CPU: 0% | MEM: 56.5878%
Sat Mar 28 10:10:57 AM EDT 2026 | CPU: 2.4% | MEM: 56.2772%
Sat Mar 28 10:11:08 AM EDT 2026 | CPU: 0% | MEM: 56.4922%
Sat Mar 28 10:11:08 AM EDT 2026 | Scaling DOWN to 4
Sat Mar 28 10:11:23 AM EDT 2026 | CPU: 2.4% | MEM: 56.6152%
Sat Mar 28 10:11:35 AM EDT 2026 | CPU: 10.9% | MEM: 56.8025%
Sat Mar 28 10:11:47 AM EDT 2026 | CPU: 11.9% | MEM: 57.4288%
Sat Mar 28 10:11:59 AM EDT 2026 | CPU: 2.4% | MEM: 57.8462%
Sat Mar 28 10:12:10 AM EDT 2026 | CPU: 2.4% | MEM: 57.8665%
Sat Mar 28 10:12:10 AM EDT 2026 | Scaling DOWN to 3
Sat Mar 28 10:12:26 AM EDT 2026 | CPU: 0% | MEM: 57.6953%
Sat Mar 28 10:12:37 AM EDT 2026 | CPU: 2.3% | MEM: 57.1477%
Sat Mar 28 10:12:49 AM EDT 2026 | CPU: 7.3% | MEM: 57.3497%
Sat Mar 28 10:13:00 AM EDT 2026 | CPU: 0% | MEM: 57.4017%
Sat Mar 28 10:13:12 AM EDT 2026 | CPU: 4.8% | MEM: 57.5928%
Sat Mar 28 10:13:12 AM EDT 2026 | Scaling DOWN to 2
Sat Mar 28 10:13:27 AM EDT 2026 | CPU: 2.4% | MEM: 57.0293%
Sat Mar 28 10:13:39 AM EDT 2026 | CPU: 2.4% | MEM: 56.8161%
Sat Mar 28 10:13:50 AM EDT 2026 | CPU: 0% | MEM: 57.3511%
Sat Mar 28 10:14:02 AM EDT 2026 | CPU: 2.4% | MEM: 57.2068%
Sat Mar 28 10:14:13 AM EDT 2026 | CPU: 6.7% | MEM: 57.427%
Sat Mar 28 10:14:13 AM EDT 2026 | Scaling DOWN to 1
Sat Mar 28 10:14:29 AM EDT 2026 | CPU: 2.4% | MEM: 57.4696%
Sat Mar 28 10:14:40 AM EDT 2026 | CPU: 2.3% | MEM: 57.456%
Sat Mar 28 10:14:52 AM EDT 2026 | CPU: 0% | MEM: 56.5601%
Sat Mar 28 10:15:03 AM EDT 2026 | CPU: 2.4% | MEM: 57.1947%
Sat Mar 28 10:15:15 AM EDT 2026 | CPU: 4.7% | MEM: 57.1766%
Sat Mar 28 10:15:26 AM EDT 2026 | CPU: 0% | MEM: 57.3744%
Sat Mar 28 10:15:38 AM EDT 2026 | CPU: 4.5% | MEM: 57.6925%
Sat Mar 28 10:15:50 AM EDT 2026 | CPU: 0% | MEM: 57.5458%
Sat Mar 28 10:16:01 AM EDT 2026 | CPU: 4.7% | MEM: 57.5173%
Sat Mar 28 10:16:13 AM EDT 2026 | CPU: 0% | MEM: 57.4942%
Sat Mar 28 10:16:25 AM EDT 2026 | CPU: 2.4% | MEM: 57.4132%
Sat Mar 28 10:16:36 AM EDT 2026 | CPU: 0% | MEM: 57.3674%
Sat Mar 28 10:16:48 AM EDT 2026 | CPU: 0% | MEM: 57.4771%
